[0825/165212.608:ERROR:process_info.cc(329)] VirtualQueryEx: Access is denied. (0x5)
[0825/165212.611:ERROR:process_info.cc(556)] ReadMemoryInfo failed
[0825/165212.612:ERROR:process_memory_win.cc(39)] Failed to initialize ProcessInfo.
[0825/165212.612:ERROR:scoped_process_suspend.cc(40)] NtResumeProcess: An attempt was made to access an exiting process. (0xc000010a)
[0826/145718.471:ERROR:process_info.cc(359)] UncheckedAllocate
[0826/153020.162:ERROR:process_info.cc(359)] UncheckedAllocate
[0826/153020.174:ERROR:process_info.cc(359)] UncheckedAllocate
[0828/233429.954:ERROR:process_reader_win.cc(123)] NtOpenThread: {Access Denied} A process has requested access to an object, but has not been granted those access rights. (0xc0000022)
[0828/233429.955:ERROR:exception_snapshot_win.cc(99)] thread ID 11544 not found in process
[0828/233429.978:ERROR:process_reader_win.cc(123)] NtOpenThread: {Access Denied} A process has requested access to an object, but has not been granted those access rights. (0xc0000022)
[0828/233429.978:ERROR:exception_snapshot_win.cc(99)] thread ID 11548 not found in process
[0831/091220.847:ERROR:process_reader_win.cc(151)] SuspendThread: Access is denied. (0x5)
[0831/091220.849:ERROR:process_reader_win.cc(151)] SuspendThread: Access is denied. (0x5)
[0831/091220.849:ERROR:process_reader_win.cc(151)] SuspendThread: Access is denied. (0x5)
[0831/091220.852:ERROR:process_reader_win.cc(151)] SuspendThread: Access is denied. (0x5)
[0831/091220.852:ERROR:process_reader_win.cc(151)] SuspendThread: Access is denied. (0x5)
[0831/091220.852:ERROR:process_reader_win.cc(151)] SuspendThread: Access is denied. (0x5)
[0831/091220.852:ERROR:process_reader_win.cc(151)] SuspendThread: Access is denied. (0x5)
[0831/091220.852:ERROR:process_reader_win.cc(123)] NtOpenThread: {Access Denied} A process has requested access to an object, but has not been granted those access rights. (0xc0000022)
[0831/091220.849:ERROR:process_reader_win.cc(123)] NtOpenThread: {Access Denied} A process has requested access to an object, but has not been granted those access rights. (0xc0000022)
[0831/091220.913:ERROR:exception_snapshot_win.cc(98)] thread ID 3940 not found in process
[0831/091220.913:ERROR:exception_snapshot_win.cc(98)] thread ID 5712 not found in process
